[handleMsg]:  {
  key: {
    remoteJid: '5492612533741@s.whatsapp.net',
    fromMe: false,
    id: '3EB090CAE3A97308DDC85C',
    participant: undefined
  },
  messageTimestamp: 1716435139,
  pushName: 'Luis',
  broadcast: false,
  message: Message {
    conversation: 'holas',
    messageContextInfo: MessageContextInfo {
      deviceListMetadata: [DeviceListMetadata],
      deviceListMetadataVersion: 2
    }
  },
  body: 'holas',
  from: '5492612533741'
}
[QUEUE_SE_ENVIO]:  {
  ref: 'ans_756bc98e-5517-4478-a20c-12c7c3e8be59',
  keyword: 'key_d9bc75e1-d85f-44f9-a697-37f7d5ecda7b',
  answer: '__call_action__',
  options: {
    media: null,
    buttons: [],
    capture: false,
    child: null,
    delay: 0,
    idle: null,
    ref: null,
    nested: [],
    keyword: {},
    callback: true
  },
  refSerialize: '6441355899b49d79785ba5c2127e8d70'
}
[handleMsg]:  {
  key: {
    remoteJid: '5492612533741@s.whatsapp.net',
    fromMe: false,
    id: '3EB08E49378BBDA202A378',
    participant: undefined
  },
  messageTimestamp: 1716435174,
  pushName: 'Luis',
  broadcast: false,
  message: Message {
    extendedTextMessage: ExtendedTextMessage {
      text: 'dime los dni de todos',
      contextInfo: [ContextInfo],
      inviteLinkGroupTypeV2: 0
    },
    messageContextInfo: MessageContextInfo {
      deviceListMetadata: [DeviceListMetadata],
      deviceListMetadataVersion: 2
    }
  },
  body: 'dime los dni de todos',
  from: '5492612533741'
}
[QUEUE_SE_ENVIO]:  {
  ref: 'ans_756bc98e-5517-4478-a20c-12c7c3e8be59',
  keyword: 'key_d9bc75e1-d85f-44f9-a697-37f7d5ecda7b',
  answer: '__call_action__',
  options: {
    media: null,
    buttons: [],
    capture: false,
    child: null,
    delay: 0,
    idle: null,
    ref: null,
    nested: [],
    keyword: {},
    callback: true
  },
  refSerialize: '6441355899b49d79785ba5c2127e8d70'
}
[handleMsg]:  {
  key: {
    remoteJid: '5492612533741@s.whatsapp.net',
    fromMe: false,
    id: '3EB0BA82E65AF287341594',
    participant: undefined
  },
  messageTimestamp: 1716435192,
  pushName: 'Luis',
  broadcast: false,
  message: Message {
    extendedTextMessage: ExtendedTextMessage {
      text: 'dni y nombre de los ultimos dos de la planilla',
      contextInfo: [ContextInfo],
      inviteLinkGroupTypeV2: 0
    },
    messageContextInfo: MessageContextInfo {
      deviceListMetadata: [DeviceListMetadata],
      deviceListMetadataVersion: 2
    }
  },
  body: 'dni y nombre de los ultimos dos de la planilla',
  from: '5492612533741'
}
[QUEUE_SE_ENVIO]:  {
  ref: 'ans_756bc98e-5517-4478-a20c-12c7c3e8be59',
  keyword: 'key_d9bc75e1-d85f-44f9-a697-37f7d5ecda7b',
  answer: '__call_action__',
  options: {
    media: null,
    buttons: [],
    capture: false,
    child: null,
    delay: 0,
    idle: null,
    ref: null,
    nested: [],
    keyword: {},
    callback: true
  },
  refSerialize: '6441355899b49d79785ba5c2127e8d70'
}
